<?xml version="1.0" encoding="UTF-8"?>
<!-- Generated by org.testng.reporters.JUnitXMLReporter -->
<testsuite ignored="0" hostname="inbl01lap1312" failures="0" tests="3" name="Test" time="62.441" errors="0" timestamp="2021-05-13T12:16:23 PDT">
  <testcase classname="CICD_Practice.CICD_Practice.SampleTest" name="test1" time="7.203"/>
  <testcase classname="CICD_Practice.CICD_Practice.SampleTest" name="test2" time="13.23"/>
  <testcase classname="CICD_Practice.CICD_Practice.SampleTest" name="test3" time="3.314"/>
</testsuite> <!-- Test -->
