<?xml version="1.0" encoding="UTF-8"?>
<!-- Generated by org.testng.reporters.JUnitXMLReporter -->
<testsuite ignored="0" hostname="inbl01lap1312" failures="0" tests="3" name="Surefire test" time="61.989" errors="0" timestamp="2021-05-13T12:26:35 PDT">
  <testcase classname="CICD_Practice.CICD_Practice.SampleTest" name="test1" time="7.969"/>
  <testcase classname="CICD_Practice.CICD_Practice.SampleTest" name="test2" time="11.623"/>
  <testcase classname="CICD_Practice.CICD_Practice.SampleTest" name="test3" time="3.519"/>
</testsuite> <!-- Surefire test -->
